{
  "RSpec": {
    "coverage": {
      "/Users/rickthomas/Desktop/DBC_Apps/eventbrite_clone/config/environment.rb": [
        null,
        1,
        null,
        null,
        1
      ],
      "/Users/rickthomas/Desktop/DBC_Apps/eventbrite_clone/config/application.rb": [
        1,
        null,
        null,
        1,
        1,
        1,
        1,
        1,
        null,
        null,
        1,
        null,
        1,
        null,
        null,
        null,
        null,
        1,
        1,
        null,
        null,
        null,
        null,
        null,
        null,
        null,
        null,
        null,
        null,
        null,
        null,
        null,
        null,
        null,
        null,
        null,
        null,
        null,
        null,
        null,
        null,
        null,
        1,
        null,
        null,
        1,
        null,
        null,
        1,
        null,
        null,
        null,
        null,
        null,
        null,
        null,
        null,
        null,
        null,
        1,
        null,
        null,
        1,
        null,
        null,
        1,
        null,
        null
      ],
      "/Users/rickthomas/Desktop/DBC_Apps/eventbrite_clone/config/boot.rb": [
        1,
        null,
        null,
        1,
        null,
        1
      ],
      "/Users/rickthomas/Desktop/DBC_Apps/eventbrite_clone/config/environments/test.rb": [
        1,
        null,
        null,
        null,
        null,
        null,
        null,
        1,
        null,
        null,
        1,
        1,
        null,
        null,
        1,
        null,
        null,
        1,
        1,
        null,
        null,
        1,
        null,
        null,
        1,
        null,
        null,
        null,
        null,
        1,
        null,
        null,
        1,
        null,
        null,
        1,
        null
      ],
      "/Users/rickthomas/Desktop/DBC_Apps/eventbrite_clone/config/initializers/backtrace_silencers.rb": [
        null,
        null,
        null,
        null,
        null,
        null,
        null
      ],
      "/Users/rickthomas/Desktop/DBC_Apps/eventbrite_clone/config/initializers/inflections.rb": [
        null,
        null,
        null,
        null,
        null,
        null,
        null,
        null,
        null,
        null,
        null,
        null,
        null,
        null,
        null
      ],
      "/Users/rickthomas/Desktop/DBC_Apps/eventbrite_clone/config/initializers/mime_types.rb": [
        null,
        null,
        null,
        null,
        null
      ],
      "/Users/rickthomas/Desktop/DBC_Apps/eventbrite_clone/config/initializers/omniauth.rb": [
        null,
        null,
        null
      ],
      "/Users/rickthomas/Desktop/DBC_Apps/eventbrite_clone/config/initializers/secret_token.rb": [
        null,
        null,
        null,
        null,
        null,
        null,
        1
      ],
      "/Users/rickthomas/Desktop/DBC_Apps/eventbrite_clone/config/initializers/session_store.rb": [
        null,
        null,
        1,
        null,
        null,
        null,
        null,
        null
      ],
      "/Users/rickthomas/Desktop/DBC_Apps/eventbrite_clone/config/initializers/wrap_parameters.rb": [
        null,
        null,
        null,
        null,
        null,
        null,
        1,
        1,
        null,
        null,
        null,
        1,
        1,
        null
      ],
      "/Users/rickthomas/Desktop/DBC_Apps/eventbrite_clone/app/controllers/application_controller.rb": [
        1,
        1,
        null,
        1,
        null,
        null
      ],
      "/Users/rickthomas/Desktop/DBC_Apps/eventbrite_clone/app/helpers/application_helper.rb": [
        1,
        null,
        1,
        20,
        20,
        10,
        null,
        10,
        null,
        null,
        null,
        null
      ],
      "/Users/rickthomas/Desktop/DBC_Apps/eventbrite_clone/app/helpers/login_helper.rb": [
        1,
        null,
        1,
        2,
        null,
        null,
        null
      ],
      "/Users/rickthomas/Desktop/DBC_Apps/eventbrite_clone/app/helpers/sessions_helper.rb": [
        1,
        null,
        1,
        0,
        0,
        0,
        0,
        null,
        null,
        1,
        20,
        null,
        null,
        1,
        0,
        null,
        null,
        1,
        20,
        20,
        null,
        null,
        null
      ],
      "/Users/rickthomas/Desktop/DBC_Apps/eventbrite_clone/app/helpers/states_helper.rb": [
        1,
        null,
        1,
        null,
        null
      ],
      "/Users/rickthomas/Desktop/DBC_Apps/eventbrite_clone/app/controllers/sessions_controller.rb": [
        1,
        null,
        1,
        4,
        4,
        null,
        null,
        1,
        0,
        0,
        0,
        0,
        0,
        null,
        0,
        0,
        null,
        null,
        null,
        null,
        1,
        0,
        0,
        0,
        null,
        null,
        null
      ],
      "/Users/rickthomas/Desktop/DBC_Apps/eventbrite_clone/app/controllers/static_pages_controller.rb": [
        1,
        null,
        1,
        1,
        null,
        null,
        1,
        1,
        null,
        null,
        1,
        1,
        null,
        null,
        1,
        1,
        null,
        null,
        null
      ],
      "/Users/rickthomas/Desktop/DBC_Apps/eventbrite_clone/app/controllers/users_controller.rb": [
        1,
        null,
        1,
        5,
        null,
        null,
        1,
        2,
        2,
        1,
        1,
        null,
        1,
        1,
        null,
        null,
        null,
        1,
        4,
        null,
        null,
        1,
        2,
        2,
        null,
        null,
        null
      ],
      "/Users/rickthomas/Desktop/DBC_Apps/eventbrite_clone/app/models/user.rb": [
        1,
        null,
        1,
        null,
        27,
        1,
        null,
        1,
        null,
        1,
        1,
        1,
        1,
        null,
        null,
        1,
        1,
        1,
        1,
        1,
        1,
        1,
        1,
        1,
        1,
        1,
        null,
        1,
        26,
        null,
        null,
        1,
        46,
        null,
        null,
        1,
        null,
        1,
        26,
        null,
        null,
        null
      ],
      "/Users/rickthomas/Desktop/DBC_Apps/eventbrite_clone/app/models/event.rb": [
        1,
        1,
        1,
        1,
        1,
        null,
        1,
        null,
        1,
        null,
        1,
        1,
        1,
        1,
        1,
        1,
        1,
        77,
        3,
        null,
        null,
        null,
        null
      ],
      "/Users/rickthomas/Desktop/DBC_Apps/eventbrite_clone/app/models/message.rb": [
        1,
        null,
        1,
        null,
        1,
        null,
        1,
        1,
        1,
        null
      ],
      "/Users/rickthomas/Desktop/DBC_Apps/eventbrite_clone/app/models/registration.rb": [
        1,
        null,
        1,
        1,
        1,
        null,
        1,
        null,
        1,
        null,
        1,
        1,
        1,
        1,
        null,
        1,
        19,
        3,
        null,
        null,
        null,
        1,
        null,
        1,
        4,
        null,
        null,
        null
      ],
      "/Users/rickthomas/Desktop/DBC_Apps/eventbrite_clone/app/models/ticket_type.rb": [
        1,
        null,
        1,
        1,
        null,
        1,
        null,
        1,
        1,
        1,
        1,
        1,
        1,
        1,
        1,
        1,
        null
      ],
      "/Users/rickthomas/Desktop/DBC_Apps/eventbrite_clone/spec/factories/events.rb": [
        null,
        null,
        1,
        1,
        1,
        1,
        1,
        1,
        1,
        1,
        1,
        1,
        1,
        1,
        1,
        1,
        null,
        null
      ],
      "/Users/rickthomas/Desktop/DBC_Apps/eventbrite_clone/spec/factories/messages.rb": [
        null,
        null,
        1,
        1,
        1,
        1,
        1,
        null,
        null
      ],
      "/Users/rickthomas/Desktop/DBC_Apps/eventbrite_clone/spec/factories/registrations.rb": [
        null,
        null,
        1,
        1,
        1,
        1,
        8,
        1,
        6,
        1,
        null,
        null
      ],
      "/Users/rickthomas/Desktop/DBC_Apps/eventbrite_clone/spec/factories/ticket_types.rb": [
        null,
        null,
        1,
        1,
        1,
        1,
        1,
        1,
        1,
        1,
        1,
        1,
        1,
        null,
        null
      ],
      "/Users/rickthomas/Desktop/DBC_Apps/eventbrite_clone/spec/factories/users.rb": [
        null,
        null,
        1,
        1,
        26,
        26,
        25,
        1,
        1,
        26,
        25,
        25,
        1,
        1,
        1,
        null,
        null,
        null,
        null
      ],
      "/Users/rickthomas/Desktop/DBC_Apps/eventbrite_clone/config/routes.rb": [
        1,
        null,
        1,
        1,
        1,
        1,
        1,
        1,
        1,
        1,
        1,
        1,
        null,
        null
      ],
      "/Users/rickthomas/Desktop/DBC_Apps/eventbrite_clone/spec/features/static_pages/static_pages_spec.rb": [
        1,
        null,
        1,
        null,
        1,
        null,
        5,
        1,
        1,
        1,
        1,
        null,
        null,
        1,
        1,
        1,
        1,
        null,
        null,
        1,
        1,
        1,
        1,
        null,
        null,
        1,
        1,
        1,
        1,
        null,
        null,
        null,
        null,
        null
      ],
      "/Users/rickthomas/Desktop/DBC_Apps/eventbrite_clone/spec/features/users/destroy_spec.rb": [
        1,
        null,
        1,
        null,
        1,
        null,
        3,
        1,
        1,
        3,
        null,
        1,
        0,
        0,
        null,
        null,
        1,
        0,
        0,
        null,
        null,
        null
      ],
      "/Users/rickthomas/Desktop/DBC_Apps/eventbrite_clone/spec/features/users/new_spec.rb": [
        1,
        null,
        1,
        null,
        1,
        null,
        6,
        null,
        1,
        1,
        null,
        null,
        1,
        1,
        null,
        null,
        1,
        1,
        null,
        null,
        1,
        1,
        1,
        1,
        1,
        1,
        1,
        1,
        1,
        1,
        1,
        null,
        null,
        1,
        1,
        1,
        1,
        null,
        null,
        null,
        null,
        null
      ],
      "/Users/rickthomas/Desktop/DBC_Apps/eventbrite_clone/spec/features/users/show_spec.rb": [
        1,
        null,
        1,
        null,
        2,
        2,
        null,
        1,
        1,
        1,
        null,
        null,
        null
      ],
      "/Users/rickthomas/Desktop/DBC_Apps/eventbrite_clone/spec/models/event_spec.rb": [
        1,
        null,
        1,
        null,
        2,
        2,
        2,
        null,
        2,
        2,
        2,
        2,
        2,
        2,
        2,
        2,
        2,
        2,
        2,
        1,
        6,
        null,
        1,
        8,
        null,
        2,
        2,
        null,
        1,
        null,
        2,
        2,
        2,
        null,
        null,
        null,
        1,
        1,
        1,
        1,
        null,
        2,
        2,
        null,
        null,
        1,
        null,
        1,
        3,
        2,
        2,
        null,
        1,
        null,
        2,
        2,
        null,
        null,
        2,
        null,
        null,
        null,
        null,
        1,
        2,
        1,
        1,
        1,
        1,
        null,
        null,
        null,
        null,
        null
      ],
      "/Users/rickthomas/Desktop/DBC_Apps/eventbrite_clone/spec/models/message_spec.rb": [
        1,
        null,
        1,
        null,
        2,
        null,
        2,
        2,
        2,
        1,
        12,
        null,
        2,
        null,
        null
      ],
      "/Users/rickthomas/Desktop/DBC_Apps/eventbrite_clone/spec/models/registration_spec.rb": [
        1,
        null,
        1,
        null,
        2,
        2,
        2,
        null,
        null,
        2,
        2,
        2,
        2,
        2,
        2,
        null,
        1,
        1,
        1,
        1,
        1,
        null,
        null,
        2,
        2,
        null,
        null,
        1,
        1,
        1,
        1,
        null,
        2,
        2,
        null,
        null,
        1,
        1,
        1,
        1,
        null,
        2,
        2,
        null,
        null,
        1,
        1,
        1,
        1,
        null,
        2,
        2,
        null,
        null,
        1,
        null,
        1,
        2,
        2,
        2,
        null,
        null,
        1,
        2,
        2,
        2,
        2,
        null,
        null,
        null,
        null,
        null
      ],
      "/Users/rickthomas/Desktop/DBC_Apps/eventbrite_clone/spec/models/ticket_type_spec.rb": [
        1,
        null,
        1,
        null,
        2,
        2,
        null,
        2,
        2,
        2,
        2,
        2,
        2,
        2,
        2,
        1,
        4,
        null,
        1,
        6,
        null,
        1,
        4,
        null,
        1,
        6,
        null,
        2,
        2,
        2,
        2,
        2,
        2,
        2,
        2,
        2,
        null,
        null,
        1,
        1,
        1,
        1,
        null,
        2,
        2,
        null,
        null,
        null
      ],
      "/Users/rickthomas/Desktop/DBC_Apps/eventbrite_clone/spec/models/user_spec.rb": [
        1,
        null,
        1,
        null,
        null,
        2,
        2,
        2,
        2,
        null,
        2,
        2,
        2,
        2,
        2,
        2,
        2,
        2,
        1,
        12,
        null,
        2,
        2,
        null,
        1,
        null,
        null,
        null,
        2,
        2,
        1,
        1,
        1,
        1,
        1,
        1,
        null,
        null,
        1,
        6,
        null,
        2,
        null,
        null
      ]
    },
    "timestamp": 1381315087
  },
  "Cucumber Features": {
    "coverage": {
      "/Users/rickthomas/Desktop/DBC_Apps/eventbrite_clone/config/environment.rb": [
        null,
        1,
        null,
        null,
        1
      ],
      "/Users/rickthomas/Desktop/DBC_Apps/eventbrite_clone/config/application.rb": [
        1,
        null,
        null,
        1,
        1,
        1,
        1,
        1,
        null,
        null,
        1,
        null,
        1,
        null,
        null,
        null,
        null,
        1,
        1,
        null,
        null,
        null,
        null,
        null,
        null,
        null,
        null,
        null,
        null,
        null,
        null,
        null,
        null,
        null,
        null,
        null,
        null,
        null,
        null,
        null,
        null,
        null,
        1,
        null,
        null,
        1,
        null,
        null,
        1,
        null,
        null,
        null,
        null,
        null,
        null,
        null,
        null,
        null,
        null,
        1,
        null,
        null,
        1,
        null,
        null,
        1,
        null,
        null
      ],
      "/Users/rickthomas/Desktop/DBC_Apps/eventbrite_clone/config/boot.rb": [
        1,
        null,
        null,
        1,
        null,
        1
      ],
      "/Users/rickthomas/Desktop/DBC_Apps/eventbrite_clone/config/environments/test.rb": [
        1,
        null,
        null,
        null,
        null,
        null,
        null,
        1,
        null,
        null,
        1,
        1,
        null,
        null,
        1,
        null,
        null,
        1,
        1,
        null,
        null,
        1,
        null,
        null,
        1,
        null,
        null,
        null,
        null,
        1,
        null,
        null,
        1,
        null,
        null,
        1,
        null
      ],
      "/Users/rickthomas/Desktop/DBC_Apps/eventbrite_clone/config/initializers/backtrace_silencers.rb": [
        null,
        null,
        null,
        null,
        null,
        null,
        null
      ],
      "/Users/rickthomas/Desktop/DBC_Apps/eventbrite_clone/config/initializers/inflections.rb": [
        null,
        null,
        null,
        null,
        null,
        null,
        null,
        null,
        null,
        null,
        null,
        null,
        null,
        null,
        null
      ],
      "/Users/rickthomas/Desktop/DBC_Apps/eventbrite_clone/config/initializers/mime_types.rb": [
        null,
        null,
        null,
        null,
        null
      ],
      "/Users/rickthomas/Desktop/DBC_Apps/eventbrite_clone/config/initializers/omniauth.rb": [
        null,
        null,
        null
      ],
      "/Users/rickthomas/Desktop/DBC_Apps/eventbrite_clone/config/initializers/secret_token.rb": [
        null,
        null,
        null,
        null,
        null,
        null,
        1
      ],
      "/Users/rickthomas/Desktop/DBC_Apps/eventbrite_clone/config/initializers/session_store.rb": [
        null,
        null,
        1,
        null,
        null,
        null,
        null,
        null
      ],
      "/Users/rickthomas/Desktop/DBC_Apps/eventbrite_clone/config/initializers/wrap_parameters.rb": [
        null,
        null,
        null,
        null,
        null,
        null,
        1,
        1,
        null,
        null,
        null,
        1,
        1,
        null
      ],
      "/Users/rickthomas/Desktop/DBC_Apps/eventbrite_clone/app/controllers/application_controller.rb": [
        1,
        1,
        null,
        1,
        null,
        null
      ],
      "/Users/rickthomas/Desktop/DBC_Apps/eventbrite_clone/app/helpers/application_helper.rb": [
        1,
        null,
        1,
        6,
        6,
        1,
        null,
        5,
        null,
        null,
        null,
        null
      ],
      "/Users/rickthomas/Desktop/DBC_Apps/eventbrite_clone/app/helpers/login_helper.rb": [
        1,
        null,
        null,
        null,
        null
      ],
      "/Users/rickthomas/Desktop/DBC_Apps/eventbrite_clone/app/helpers/sessions_helper.rb": [
        1,
        null,
        1,
        1,
        1,
        1,
        1,
        null,
        null,
        1,
        6,
        null,
        null,
        1,
        1,
        null,
        null,
        1,
        6,
        6,
        null,
        null,
        null
      ],
      "/Users/rickthomas/Desktop/DBC_Apps/eventbrite_clone/app/helpers/states_helper.rb": [
        1,
        null,
        1,
        null,
        null
      ],
      "/Users/rickthomas/Desktop/DBC_Apps/eventbrite_clone/app/controllers/sessions_controller.rb": [
        1,
        null,
        1,
        2,
        2,
        null,
        null,
        1,
        2,
        2,
        1,
        1,
        1,
        null,
        1,
        1,
        null,
        null,
        null,
        null,
        1,
        0,
        0,
        0,
        null,
        null,
        null
      ],
      "/Users/rickthomas/Desktop/DBC_Apps/eventbrite_clone/app/controllers/static_pages_controller.rb": [
        1,
        null,
        1,
        0,
        null,
        null,
        1,
        0,
        null,
        null,
        1,
        0,
        null,
        null,
        1,
        0,
        null,
        null,
        null
      ],
      "/Users/rickthomas/Desktop/DBC_Apps/eventbrite_clone/app/controllers/users_controller.rb": [
        1,
        null,
        1,
        0,
        null,
        null,
        1,
        0,
        0,
        0,
        0,
        null,
        0,
        0,
        null,
        null,
        null,
        1,
        0,
        null,
        null,
        1,
        3,
        3,
        null,
        null,
        null
      ],
      "/Users/rickthomas/Desktop/DBC_Apps/eventbrite_clone/app/models/user.rb": [
        1,
        null,
        1,
        null,
        5,
        1,
        null,
        1,
        null,
        1,
        1,
        1,
        1,
        null,
        null,
        1,
        1,
        1,
        1,
        1,
        1,
        1,
        1,
        1,
        1,
        1,
        null,
        1,
        4,
        null,
        null,
        1,
        10,
        null,
        null,
        1,
        null,
        1,
        3,
        null,
        null,
        null
      ],
      "/Users/rickthomas/Desktop/DBC_Apps/eventbrite_clone/app/models/event.rb": [
        1,
        1,
        1,
        1,
        1,
        null,
        1,
        null,
        1,
        null,
        1,
        1,
        1,
        1,
        1,
        1,
        1,
        0,
        0,
        null,
        null,
        null,
        null
      ],
      "/Users/rickthomas/Desktop/DBC_Apps/eventbrite_clone/app/models/message.rb": [
        1,
        null,
        1,
        null,
        1,
        null,
        1,
        1,
        1,
        null
      ],
      "/Users/rickthomas/Desktop/DBC_Apps/eventbrite_clone/app/models/registration.rb": [
        1,
        null,
        1,
        1,
        1,
        null,
        1,
        null,
        1,
        null,
        1,
        1,
        1,
        1,
        null,
        1,
        0,
        0,
        null,
        null,
        null,
        1,
        null,
        1,
        0,
        null,
        null,
        null
      ],
      "/Users/rickthomas/Desktop/DBC_Apps/eventbrite_clone/app/models/ticket_type.rb": [
        1,
        null,
        1,
        1,
        null,
        1,
        null,
        1,
        1,
        1,
        1,
        1,
        1,
        1,
        1,
        1,
        null
      ],
      "/Users/rickthomas/Desktop/DBC_Apps/eventbrite_clone/spec/factories/events.rb": [
        null,
        null,
        1,
        1,
        1,
        1,
        1,
        1,
        1,
        1,
        1,
        1,
        1,
        1,
        1,
        1,
        null,
        null
      ],
      "/Users/rickthomas/Desktop/DBC_Apps/eventbrite_clone/spec/factories/messages.rb": [
        null,
        null,
        1,
        1,
        1,
        1,
        1,
        null,
        null
      ],
      "/Users/rickthomas/Desktop/DBC_Apps/eventbrite_clone/spec/factories/registrations.rb": [
        null,
        null,
        1,
        1,
        1,
        1,
        1,
        1,
        1,
        1,
        null,
        null
      ],
      "/Users/rickthomas/Desktop/DBC_Apps/eventbrite_clone/spec/factories/ticket_types.rb": [
        null,
        null,
        1,
        1,
        1,
        1,
        1,
        1,
        1,
        1,
        1,
        1,
        1,
        null,
        null
      ],
      "/Users/rickthomas/Desktop/DBC_Apps/eventbrite_clone/spec/factories/users.rb": [
        null,
        null,
        1,
        1,
        4,
        4,
        4,
        1,
        1,
        4,
        4,
        4,
        1,
        1,
        1,
        null,
        null,
        null,
        null
      ],
      "/Users/rickthomas/Desktop/DBC_Apps/eventbrite_clone/config/routes.rb": [
        1,
        null,
        1,
        1,
        1,
        1,
        1,
        1,
        1,
        1,
        1,
        1,
        null,
        null
      ]
    },
    "timestamp": 1381315476
  }
}
