{
  "RSpec": {
    "coverage": {
      "/Users/rickthomas/Desktop/DBC_Apps/eventbrite_clone/config/environment.rb": [
        null,
        1,
        null,
        null,
        1
      ],
      "/Users/rickthomas/Desktop/DBC_Apps/eventbrite_clone/config/application.rb": [
        1,
        null,
        null,
        1,
        1,
        1,
        1,
        1,
        null,
        null,
        1,
        null,
        1,
        null,
        null,
        null,
        null,
        1,
        1,
        null,
        null,
        null,
        null,
        null,
        null,
        null,
        null,
        null,
        null,
        null,
        null,
        null,
        null,
        null,
        null,
        null,
        null,
        null,
        null,
        null,
        null,
        null,
        1,
        null,
        null,
        1,
        null,
        null,
        1,
        null,
        null,
        null,
        null,
        null,
        null,
        null,
        null,
        null,
        null,
        1,
        null,
        null,
        1,
        null,
        null,
        1,
        null,
        null
      ],
      "/Users/rickthomas/Desktop/DBC_Apps/eventbrite_clone/config/boot.rb": [
        1,
        null,
        null,
        1,
        null,
        1
      ],
      "/Users/rickthomas/Desktop/DBC_Apps/eventbrite_clone/config/environments/test.rb": [
        1,
        null,
        null,
        null,
        null,
        null,
        null,
        1,
        null,
        null,
        1,
        1,
        null,
        null,
        1,
        null,
        null,
        1,
        1,
        null,
        null,
        1,
        null,
        null,
        1,
        null,
        null,
        null,
        null,
        1,
        null,
        null,
        1,
        null,
        null,
        1,
        null
      ],
      "/Users/rickthomas/Desktop/DBC_Apps/eventbrite_clone/config/initializers/backtrace_silencers.rb": [
        null,
        null,
        null,
        null,
        null,
        null,
        null
      ],
      "/Users/rickthomas/Desktop/DBC_Apps/eventbrite_clone/config/initializers/inflections.rb": [
        null,
        null,
        null,
        null,
        null,
        null,
        null,
        null,
        null,
        null,
        null,
        null,
        null,
        null,
        null
      ],
      "/Users/rickthomas/Desktop/DBC_Apps/eventbrite_clone/config/initializers/mime_types.rb": [
        null,
        null,
        null,
        null,
        null
      ],
      "/Users/rickthomas/Desktop/DBC_Apps/eventbrite_clone/config/initializers/secret_token.rb": [
        null,
        null,
        null,
        null,
        null,
        null,
        1
      ],
      "/Users/rickthomas/Desktop/DBC_Apps/eventbrite_clone/config/initializers/session_store.rb": [
        null,
        null,
        1,
        null,
        null,
        null,
        null,
        null
      ],
      "/Users/rickthomas/Desktop/DBC_Apps/eventbrite_clone/config/initializers/wrap_parameters.rb": [
        null,
        null,
        null,
        null,
        null,
        null,
        1,
        1,
        null,
        null,
        null,
        1,
        1,
        null
      ],
      "/Users/rickthomas/Desktop/DBC_Apps/eventbrite_clone/app/controllers/application_controller.rb": [
        1,
        1,
        null
      ],
      "/Users/rickthomas/Desktop/DBC_Apps/eventbrite_clone/app/helpers/application_helper.rb": [
        1,
        null
      ],
      "/Users/rickthomas/Desktop/DBC_Apps/eventbrite_clone/app/helpers/states_helper.rb": [
        1,
        null,
        1,
        null,
        null
      ],
      "/Users/rickthomas/Desktop/DBC_Apps/eventbrite_clone/app/models/event.rb": [
        1,
        1,
        1,
        1,
        1,
        null,
        1,
        null,
        1,
        null,
        1,
        1,
        1,
        1,
        1,
        1,
        1,
        77,
        3,
        null,
        null,
        null,
        null
      ],
      "/Users/rickthomas/Desktop/DBC_Apps/eventbrite_clone/app/models/message.rb": [
        1,
        null,
        1,
        null,
        1,
        null,
        1,
        1,
        1,
        null
      ],
      "/Users/rickthomas/Desktop/DBC_Apps/eventbrite_clone/app/models/registration.rb": [
        1,
        null,
        1,
        1,
        1,
        1,
        null,
        1,
        null,
        1,
        1,
        1,
        1,
        null,
        1,
        19,
        3,
        null,
        null,
        null,
        1,
        null,
        1,
        4,
        null,
        null,
        null
      ],
      "/Users/rickthomas/Desktop/DBC_Apps/eventbrite_clone/app/models/ticket_type.rb": [
        1,
        null,
        1,
        1,
        null,
        1,
        null,
        1,
        1,
        1,
        1,
        1,
        1,
        1,
        1,
        null
      ],
      "/Users/rickthomas/Desktop/DBC_Apps/eventbrite_clone/app/models/user.rb": [
        1,
        1,
        null,
        1,
        1,
        1,
        1,
        null,
        null,
        1,
        1,
        1,
        1,
        1,
        1,
        null
      ],
      "/Users/rickthomas/Desktop/DBC_Apps/eventbrite_clone/spec/factories/events.rb": [
        null,
        null,
        1,
        1,
        1,
        1,
        1,
        1,
        1,
        1,
        1,
        1,
        1,
        1,
        1,
        1,
        null,
        null
      ],
      "/Users/rickthomas/Desktop/DBC_Apps/eventbrite_clone/spec/factories/messages.rb": [
        null,
        null,
        1,
        1,
        1,
        1,
        1,
        null,
        null
      ],
      "/Users/rickthomas/Desktop/DBC_Apps/eventbrite_clone/spec/factories/registrations.rb": [
        null,
        null,
        1,
        1,
        1,
        1,
        8,
        1,
        6,
        1,
        null,
        null
      ],
      "/Users/rickthomas/Desktop/DBC_Apps/eventbrite_clone/spec/factories/ticket_types.rb": [
        null,
        null,
        1,
        1,
        1,
        1,
        1,
        1,
        1,
        1,
        1,
        1,
        1,
        null,
        null
      ],
      "/Users/rickthomas/Desktop/DBC_Apps/eventbrite_clone/spec/factories/users.rb": [
        null,
        null,
        1,
        1,
        19,
        19,
        19,
        1,
        19,
        19,
        19,
        1,
        1,
        1,
        null,
        null,
        null,
        null
      ],
      "/Users/rickthomas/Desktop/DBC_Apps/eventbrite_clone/config/routes.rb": [
        1,
        null,
        null,
        null,
        null,
        null,
        null,
        null,
        null,
        null,
        null,
        null,
        null,
        null,
        null,
        null,
        null,
        null,
        null,
        null,
        null,
        null,
        null,
        null,
        null,
        null,
        null,
        null,
        null,
        null,
        null,
        null,
        null,
        null,
        null,
        null,
        null,
        null,
        null,
        null,
        null,
        null,
        null,
        null,
        null,
        null,
        null,
        null,
        null,
        null,
        null,
        null,
        null,
        null,
        null,
        null,
        null,
        null
      ],
      "/Users/rickthomas/Desktop/DBC_Apps/eventbrite_clone/spec/models/message_spec.rb": [
        1,
        null,
        1,
        null,
        2,
        null,
        2,
        2,
        2,
        1,
        12,
        null,
        2,
        null,
        null,
        null
      ],
      "/Users/rickthomas/Desktop/DBC_Apps/eventbrite_clone/spec/models/registration_spec.rb": [
        1,
        null,
        1,
        null,
        2,
        2,
        2,
        null,
        null,
        2,
        2,
        2,
        2,
        2,
        2,
        null,
        1,
        1,
        1,
        1,
        1,
        null,
        null,
        2,
        2,
        null,
        null,
        1,
        1,
        1,
        1,
        null,
        2,
        2,
        null,
        null,
        1,
        1,
        1,
        1,
        null,
        2,
        2,
        null,
        null,
        1,
        1,
        1,
        1,
        null,
        2,
        2,
        null,
        null,
        1,
        null,
        1,
        2,
        2,
        2,
        null,
        null,
        1,
        2,
        2,
        2,
        2,
        null,
        null,
        null,
        null,
        null
      ],
      "/Users/rickthomas/Desktop/DBC_Apps/eventbrite_clone/spec/models/ticket_type_spec.rb": [
        1,
        null,
        1,
        null,
        2,
        2,
        null,
        2,
        2,
        2,
        2,
        2,
        2,
        2,
        2,
        1,
        4,
        null,
        1,
        6,
        null,
        1,
        4,
        null,
        1,
        6,
        null,
        2,
        2,
        2,
        2,
        2,
        2,
        2,
        2,
        null,
        null,
        1,
        1,
        1,
        1,
        null,
        2,
        2,
        null,
        null,
        null
      ],
      "/Users/rickthomas/Desktop/DBC_Apps/eventbrite_clone/spec/models/user_spec.rb": [
        1,
        null,
        1,
        null,
        null,
        2,
        2,
        2,
        2,
        null,
        2,
        2,
        2,
        null,
        1,
        12,
        null,
        2,
        2,
        2,
        2,
        2,
        1,
        6,
        null,
        2,
        null,
        null
      ]
    },
    "timestamp": 1381280584
  }
}
